生成启动时间为 2017/3/13 15:01:54。
     1>项目“C:\Users\Administrator\Documents\Visual Studio 2013\Projects\ConsoleApplication1\ConsoleApplication1\ConsoleApplication1.vcxproj”在节点 2 上(Build 个目标)。
     1>ClCompile:
         H:\DevelopTools\VS2013\VC\bin\CL.exe /c /ZI /nologo /W3 /WX- /sdl /Od /Oy- /D WIN32 /D _DEBUG /D _CONSOLE /D _LIB /D _UNICODE /D UNICODE /Gm /EHsc /RTC1 /MDd /GS /fp:precise /Zc:wchar_t /Zc:forScope /Yu"stdafx.h" /Fp"Debug\ConsoleApplication1.pch" /Fo"Debug\\" /Fd"Debug\vc120.pdb" /Gd /TP /analyze- /errorReport:prompt ConsoleApplication1.cpp
         ConsoleApplication1.cpp
     1>c:\users\administrator\documents\visual studio 2013\projects\consoleapplication1\consoleapplication1\consoleapplication1.cpp(64): warning C4244: “=”: 从“double”转换到“float”，可能丢失数据
     1>c:\users\administrator\documents\visual studio 2013\projects\consoleapplication1\consoleapplication1\consoleapplication1.cpp(71): warning C4244: “=”: 从“double”转换到“float”，可能丢失数据
     1>c:\users\administrator\documents\visual studio 2013\projects\consoleapplication1\consoleapplication1\consoleapplication1.cpp(72): warning C4244: “=”: 从“double”转换到“float”，可能丢失数据
     1>c:\users\administrator\documents\visual studio 2013\projects\consoleapplication1\consoleapplication1\consoleapplication1.cpp(78): warning C4244: “=”: 从“double”转换到“float”，可能丢失数据
     1>c:\users\administrator\documents\visual studio 2013\projects\consoleapplication1\consoleapplication1\consoleapplication1.cpp(79): warning C4244: “=”: 从“double”转换到“float”，可能丢失数据
     1>c:\users\administrator\documents\visual studio 2013\projects\consoleapplication1\consoleapplication1\consoleapplication1.cpp(85): warning C4244: “=”: 从“double”转换到“float”，可能丢失数据
     1>c:\users\administrator\documents\visual studio 2013\projects\consoleapplication1\consoleapplication1\consoleapplication1.cpp(86): warning C4244: “=”: 从“double”转换到“float”，可能丢失数据
     1>c:\users\administrator\documents\visual studio 2013\projects\consoleapplication1\consoleapplication1\consoleapplication1.cpp(92): warning C4244: “=”: 从“double”转换到“float”，可能丢失数据
     1>c:\users\administrator\documents\visual studio 2013\projects\consoleapplication1\consoleapplication1\consoleapplication1.cpp(112): warning C4244: “=”: 从“double”转换到“float”，可能丢失数据
       Link:
         H:\DevelopTools\VS2013\VC\bin\link.exe /ERRORREPORT:PROMPT /OUT:"C:\Users\Administrator\Documents\Visual Studio 2013\Projects\ConsoleApplication1\Debug\ConsoleApplication1.exe" /INCREMENTAL /NOLOGO kernel32.lib user32.lib gdi32.lib winspool.lib comdlg32.lib advapi32.lib shell32.lib ole32.lib oleaut32.lib uuid.lib odbc32.lib odbccp32.lib /MANIFEST /MANIFESTUAC:"level='asInvoker' uiAccess='false'" /manifest:embed /DEBUG /PDB:"C:\Users\Administrator\Documents\Visual Studio 2013\Projects\ConsoleApplication1\Debug\ConsoleApplication1.pdb" /SUBSYSTEM:CONSOLE /TLBID:1 /DYNAMICBASE /NXCOMPAT /IMPLIB:"C:\Users\Administrator\Documents\Visual Studio 2013\Projects\ConsoleApplication1\Debug\ConsoleApplication1.lib" /MACHINE:X86 Debug\ConsoleApplication1.obj
         Debug\stdafx.obj
         ConsoleApplication1.vcxproj -> C:\Users\Administrator\Documents\Visual Studio 2013\Projects\ConsoleApplication1\Debug\ConsoleApplication1.exe
     1>已完成生成项目“C:\Users\Administrator\Documents\Visual Studio 2013\Projects\ConsoleApplication1\ConsoleApplication1\ConsoleApplication1.vcxproj”(Build 个目标)的操作。

生成成功。

已用时间 00:00:00.74
